<?xml version="1.0" encoding="UTF-8"?>
<testsuite xmlns:xsi="http://www.w3.org/2001/XMLSchema-instance" xsi:noNamespaceSchemaLocation="https://maven.apache.org/surefire/maven-surefire-plugin/xsd/surefire-test-report-3.0.xsd" version="3.0" name="RunnerClass" time="44.477" tests="3" errors="0" skipped="0" failures="0">
  <properties>
    <property name="java.specification.version" value="21"/>
    <property name="sun.cpu.isalist" value="amd64"/>
    <property name="sun.jnu.encoding" value="Cp1252"/>
    <property name="java.class.path" value="C:\Users\ahamed.sabid\Downloads\REstAssured\MyBDD\target\test-classes;C:\Users\ahamed.sabid\Downloads\REstAssured\MyBDD\target\classes;C:\Users\ahamed.sabid\.m2\repository\org\seleniumhq\selenium\selenium-java\4.34.0\selenium-java-4.34.0.jar;C:\Users\ahamed.sabid\.m2\repository\org\seleniumhq\selenium\selenium-api\4.34.0\selenium-api-4.34.0.jar;C:\Users\ahamed.sabid\.m2\repository\org\jspecify\jspecify\1.0.0\jspecify-1.0.0.jar;C:\Users\ahamed.sabid\.m2\repository\org\seleniumhq\selenium\selenium-chrome-driver\4.34.0\selenium-chrome-driver-4.34.0.jar;C:\Users\ahamed.sabid\.m2\repository\com\google\auto\service\auto-service-annotations\1.1.1\auto-service-annotations-1.1.1.jar;C:\Users\ahamed.sabid\.m2\repository\org\seleniumhq\selenium\selenium-chromium-driver\4.34.0\selenium-chromium-driver-4.34.0.jar;C:\Users\ahamed.sabid\.m2\repository\org\seleniumhq\selenium\selenium-json\4.34.0\selenium-json-4.34.0.jar;C:\Users\ahamed.sabid\.m2\repository\org\seleniumhq\selenium\selenium-manager\4.34.0\selenium-manager-4.34.0.jar;C:\Users\ahamed.sabid\.m2\repository\org\seleniumhq\selenium\selenium-devtools-v136\4.34.0\selenium-devtools-v136-4.34.0.jar;C:\Users\ahamed.sabid\.m2\repository\org\seleniumhq\selenium\selenium-devtools-v137\4.34.0\selenium-devtools-v137-4.34.0.jar;C:\Users\ahamed.sabid\.m2\repository\org\seleniumhq\selenium\selenium-devtools-v138\4.34.0\selenium-devtools-v138-4.34.0.jar;C:\Users\ahamed.sabid\.m2\repository\org\seleniumhq\selenium\selenium-edge-driver\4.34.0\selenium-edge-driver-4.34.0.jar;C:\Users\ahamed.sabid\.m2\repository\org\seleniumhq\selenium\selenium-firefox-driver\4.34.0\selenium-firefox-driver-4.34.0.jar;C:\Users\ahamed.sabid\.m2\repository\org\seleniumhq\selenium\selenium-http\4.34.0\selenium-http-4.34.0.jar;C:\Users\ahamed.sabid\.m2\repository\org\seleniumhq\selenium\selenium-ie-driver\4.34.0\selenium-ie-driver-4.34.0.jar;C:\Users\ahamed.sabid\.m2\repository\org\seleniumhq\selenium\selenium-remote-driver\4.34.0\selenium-remote-driver-4.34.0.jar;C:\Users\ahamed.sabid\.m2\repository\com\google\guava\guava\33.4.8-jre\guava-33.4.8-jre.jar;C:\Users\ahamed.sabid\.m2\repository\com\google\guava\failureaccess\1.0.3\failureaccess-1.0.3.jar;C:\Users\ahamed.sabid\.m2\repository\com\google\guava\listenablefuture\9999.0-empty-to-avoid-conflict-with-guava\listenablefuture-9999.0-empty-to-avoid-conflict-with-guava.jar;C:\Users\ahamed.sabid\.m2\repository\com\google\errorprone\error_prone_annotations\2.36.0\error_prone_annotations-2.36.0.jar;C:\Users\ahamed.sabid\.m2\repository\com\google\j2objc\j2objc-annotations\3.0.0\j2objc-annotations-3.0.0.jar;C:\Users\ahamed.sabid\.m2\repository\io\opentelemetry\opentelemetry-api\1.51.0\opentelemetry-api-1.51.0.jar;C:\Users\ahamed.sabid\.m2\repository\io\opentelemetry\opentelemetry-context\1.51.0\opentelemetry-context-1.51.0.jar;C:\Users\ahamed.sabid\.m2\repository\io\opentelemetry\opentelemetry-exporter-logging\1.51.0\opentelemetry-exporter-logging-1.51.0.jar;C:\Users\ahamed.sabid\.m2\repository\io\opentelemetry\opentelemetry-sdk-common\1.51.0\opentelemetry-sdk-common-1.51.0.jar;C:\Users\ahamed.sabid\.m2\repository\io\opentelemetry\opentelemetry-sdk-extension-autoconfigure-spi\1.51.0\opentelemetry-sdk-extension-autoconfigure-spi-1.51.0.jar;C:\Users\ahamed.sabid\.m2\repository\io\opentelemetry\opentelemetry-sdk-extension-autoconfigure\1.51.0\opentelemetry-sdk-extension-autoconfigure-1.51.0.jar;C:\Users\ahamed.sabid\.m2\repository\io\opentelemetry\opentelemetry-sdk-trace\1.51.0\opentelemetry-sdk-trace-1.51.0.jar;C:\Users\ahamed.sabid\.m2\repository\io\opentelemetry\opentelemetry-sdk\1.51.0\opentelemetry-sdk-1.51.0.jar;C:\Users\ahamed.sabid\.m2\repository\io\opentelemetry\opentelemetry-sdk-metrics\1.51.0\opentelemetry-sdk-metrics-1.51.0.jar;C:\Users\ahamed.sabid\.m2\repository\io\opentelemetry\opentelemetry-sdk-logs\1.51.0\opentelemetry-sdk-logs-1.51.0.jar;C:\Users\ahamed.sabid\.m2\repository\net\bytebuddy\byte-buddy\1.17.6\byte-buddy-1.17.6.jar;C:\Users\ahamed.sabid\.m2\repository\org\seleniumhq\selenium\selenium-os\4.34.0\selenium-os-4.34.0.jar;C:\Users\ahamed.sabid\.m2\repository\org\apache\commons\commons-exec\1.5.0\commons-exec-1.5.0.jar;C:\Users\ahamed.sabid\.m2\repository\org\seleniumhq\selenium\selenium-safari-driver\4.34.0\selenium-safari-driver-4.34.0.jar;C:\Users\ahamed.sabid\.m2\repository\org\seleniumhq\selenium\selenium-support\4.34.0\selenium-support-4.34.0.jar;C:\Users\ahamed.sabid\.m2\repository\io\cucumber\cucumber-java\7.24.0\cucumber-java-7.24.0.jar;C:\Users\ahamed.sabid\.m2\repository\org\apiguardian\apiguardian-api\1.1.2\apiguardian-api-1.1.2.jar;C:\Users\ahamed.sabid\.m2\repository\io\cucumber\cucumber-core\7.24.0\cucumber-core-7.24.0.jar;C:\Users\ahamed.sabid\.m2\repository\io\cucumber\cucumber-gherkin\7.24.0\cucumber-gherkin-7.24.0.jar;C:\Users\ahamed.sabid\.m2\repository\io\cucumber\cucumber-gherkin-messages\7.24.0\cucumber-gherkin-messages-7.24.0.jar;C:\Users\ahamed.sabid\.m2\repository\io\cucumber\gherkin\33.0.0\gherkin-33.0.0.jar;C:\Users\ahamed.sabid\.m2\repository\io\cucumber\messages\28.0.0\messages-28.0.0.jar;C:\Users\ahamed.sabid\.m2\repository\io\cucumber\pretty-formatter\0.2.0\pretty-formatter-0.2.0.jar;C:\Users\ahamed.sabid\.m2\repository\io\cucumber\query\13.5.0\query-13.5.0.jar;C:\Users\ahamed.sabid\.m2\repository\io\cucumber\testng-xml-formatter\0.4.0\testng-xml-formatter-0.4.0.jar;C:\Users\ahamed.sabid\.m2\repository\io\cucumber\tag-expressions\6.1.2\tag-expressions-6.1.2.jar;C:\Users\ahamed.sabid\.m2\repository\io\cucumber\cucumber-expressions\18.0.1\cucumber-expressions-18.0.1.jar;C:\Users\ahamed.sabid\.m2\repository\io\cucumber\datatable\7.24.0\datatable-7.24.0.jar;C:\Users\ahamed.sabid\.m2\repository\io\cucumber\cucumber-plugin\7.24.0\cucumber-plugin-7.24.0.jar;C:\Users\ahamed.sabid\.m2\repository\io\cucumber\docstring\7.24.0\docstring-7.24.0.jar;C:\Users\ahamed.sabid\.m2\repository\io\cucumber\html-formatter\21.13.0\html-formatter-21.13.0.jar;C:\Users\ahamed.sabid\.m2\repository\io\cucumber\junit-xml-formatter\0.8.0\junit-xml-formatter-0.8.0.jar;C:\Users\ahamed.sabid\.m2\repository\io\cucumber\ci-environment\10.0.1\ci-environment-10.0.1.jar;C:\Users\ahamed.sabid\.m2\repository\org\testng\testng\7.11.0\testng-7.11.0.jar;C:\Users\ahamed.sabid\.m2\repository\org\slf4j\slf4j-api\2.0.16\slf4j-api-2.0.16.jar;C:\Users\ahamed.sabid\.m2\repository\org\jcommander\jcommander\1.83\jcommander-1.83.jar;C:\Users\ahamed.sabid\.m2\repository\org\webjars\jquery\3.7.1\jquery-3.7.1.jar;C:\Users\ahamed.sabid\.m2\repository\io\cucumber\cucumber-junit\7.24.0\cucumber-junit-7.24.0.jar;C:\Users\ahamed.sabid\.m2\repository\junit\junit\4.13.2\junit-4.13.2.jar;C:\Users\ahamed.sabid\.m2\repository\org\hamcrest\hamcrest-core\1.3\hamcrest-core-1.3.jar;C:\Users\ahamed.sabid\.m2\repository\io\cucumber\cucumber-testng\7.24.0\cucumber-testng-7.24.0.jar;"/>
    <property name="java.vm.vendor" value="Oracle Corporation"/>
    <property name="sun.arch.data.model" value="64"/>
    <property name="user.variant" value=""/>
    <property name="java.vendor.url" value="https://java.oracle.com/"/>
    <property name="user.timezone" value="Asia/Calcutta"/>
    <property name="os.name" value="Windows 11"/>
    <property name="java.vm.specification.version" value="21"/>
    <property name="sun.java.launcher" value="SUN_STANDARD"/>
    <property name="user.country" value="IN"/>
    <property name="sun.boot.library.path" value="C:\Program Files\Java\jdk-21\bin"/>
    <property name="sun.java.command" value="C:\Users\ahamed.sabid\AppData\Local\Temp\surefire664123948986857542\surefirebooter-20250718171413744_3.jar C:\Users\ahamed.sabid\AppData\Local\Temp\surefire664123948986857542 2025-07-18T17-14-13_552-jvmRun1 surefire-20250718171413744_1tmp surefire_0-20250718171413744_2tmp"/>
    <property name="jdk.debug" value="release"/>
    <property name="surefire.test.class.path" value="C:\Users\ahamed.sabid\Downloads\REstAssured\MyBDD\target\test-classes;C:\Users\ahamed.sabid\Downloads\REstAssured\MyBDD\target\classes;C:\Users\ahamed.sabid\.m2\repository\org\seleniumhq\selenium\selenium-java\4.34.0\selenium-java-4.34.0.jar;C:\Users\ahamed.sabid\.m2\repository\org\seleniumhq\selenium\selenium-api\4.34.0\selenium-api-4.34.0.jar;C:\Users\ahamed.sabid\.m2\repository\org\jspecify\jspecify\1.0.0\jspecify-1.0.0.jar;C:\Users\ahamed.sabid\.m2\repository\org\seleniumhq\selenium\selenium-chrome-driver\4.34.0\selenium-chrome-driver-4.34.0.jar;C:\Users\ahamed.sabid\.m2\repository\com\google\auto\service\auto-service-annotations\1.1.1\auto-service-annotations-1.1.1.jar;C:\Users\ahamed.sabid\.m2\repository\org\seleniumhq\selenium\selenium-chromium-driver\4.34.0\selenium-chromium-driver-4.34.0.jar;C:\Users\ahamed.sabid\.m2\repository\org\seleniumhq\selenium\selenium-json\4.34.0\selenium-json-4.34.0.jar;C:\Users\ahamed.sabid\.m2\repository\org\seleniumhq\selenium\selenium-manager\4.34.0\selenium-manager-4.34.0.jar;C:\Users\ahamed.sabid\.m2\repository\org\seleniumhq\selenium\selenium-devtools-v136\4.34.0\selenium-devtools-v136-4.34.0.jar;C:\Users\ahamed.sabid\.m2\repository\org\seleniumhq\selenium\selenium-devtools-v137\4.34.0\selenium-devtools-v137-4.34.0.jar;C:\Users\ahamed.sabid\.m2\repository\org\seleniumhq\selenium\selenium-devtools-v138\4.34.0\selenium-devtools-v138-4.34.0.jar;C:\Users\ahamed.sabid\.m2\repository\org\seleniumhq\selenium\selenium-edge-driver\4.34.0\selenium-edge-driver-4.34.0.jar;C:\Users\ahamed.sabid\.m2\repository\org\seleniumhq\selenium\selenium-firefox-driver\4.34.0\selenium-firefox-driver-4.34.0.jar;C:\Users\ahamed.sabid\.m2\repository\org\seleniumhq\selenium\selenium-http\4.34.0\selenium-http-4.34.0.jar;C:\Users\ahamed.sabid\.m2\repository\org\seleniumhq\selenium\selenium-ie-driver\4.34.0\selenium-ie-driver-4.34.0.jar;C:\Users\ahamed.sabid\.m2\repository\org\seleniumhq\selenium\selenium-remote-driver\4.34.0\selenium-remote-driver-4.34.0.jar;C:\Users\ahamed.sabid\.m2\repository\com\google\guava\guava\33.4.8-jre\guava-33.4.8-jre.jar;C:\Users\ahamed.sabid\.m2\repository\com\google\guava\failureaccess\1.0.3\failureaccess-1.0.3.jar;C:\Users\ahamed.sabid\.m2\repository\com\google\guava\listenablefuture\9999.0-empty-to-avoid-conflict-with-guava\listenablefuture-9999.0-empty-to-avoid-conflict-with-guava.jar;C:\Users\ahamed.sabid\.m2\repository\com\google\errorprone\error_prone_annotations\2.36.0\error_prone_annotations-2.36.0.jar;C:\Users\ahamed.sabid\.m2\repository\com\google\j2objc\j2objc-annotations\3.0.0\j2objc-annotations-3.0.0.jar;C:\Users\ahamed.sabid\.m2\repository\io\opentelemetry\opentelemetry-api\1.51.0\opentelemetry-api-1.51.0.jar;C:\Users\ahamed.sabid\.m2\repository\io\opentelemetry\opentelemetry-context\1.51.0\opentelemetry-context-1.51.0.jar;C:\Users\ahamed.sabid\.m2\repository\io\opentelemetry\opentelemetry-exporter-logging\1.51.0\opentelemetry-exporter-logging-1.51.0.jar;C:\Users\ahamed.sabid\.m2\repository\io\opentelemetry\opentelemetry-sdk-common\1.51.0\opentelemetry-sdk-common-1.51.0.jar;C:\Users\ahamed.sabid\.m2\repository\io\opentelemetry\opentelemetry-sdk-extension-autoconfigure-spi\1.51.0\opentelemetry-sdk-extension-autoconfigure-spi-1.51.0.jar;C:\Users\ahamed.sabid\.m2\repository\io\opentelemetry\opentelemetry-sdk-extension-autoconfigure\1.51.0\opentelemetry-sdk-extension-autoconfigure-1.51.0.jar;C:\Users\ahamed.sabid\.m2\repository\io\opentelemetry\opentelemetry-sdk-trace\1.51.0\opentelemetry-sdk-trace-1.51.0.jar;C:\Users\ahamed.sabid\.m2\repository\io\opentelemetry\opentelemetry-sdk\1.51.0\opentelemetry-sdk-1.51.0.jar;C:\Users\ahamed.sabid\.m2\repository\io\opentelemetry\opentelemetry-sdk-metrics\1.51.0\opentelemetry-sdk-metrics-1.51.0.jar;C:\Users\ahamed.sabid\.m2\repository\io\opentelemetry\opentelemetry-sdk-logs\1.51.0\opentelemetry-sdk-logs-1.51.0.jar;C:\Users\ahamed.sabid\.m2\repository\net\bytebuddy\byte-buddy\1.17.6\byte-buddy-1.17.6.jar;C:\Users\ahamed.sabid\.m2\repository\org\seleniumhq\selenium\selenium-os\4.34.0\selenium-os-4.34.0.jar;C:\Users\ahamed.sabid\.m2\repository\org\apache\commons\commons-exec\1.5.0\commons-exec-1.5.0.jar;C:\Users\ahamed.sabid\.m2\repository\org\seleniumhq\selenium\selenium-safari-driver\4.34.0\selenium-safari-driver-4.34.0.jar;C:\Users\ahamed.sabid\.m2\repository\org\seleniumhq\selenium\selenium-support\4.34.0\selenium-support-4.34.0.jar;C:\Users\ahamed.sabid\.m2\repository\io\cucumber\cucumber-java\7.24.0\cucumber-java-7.24.0.jar;C:\Users\ahamed.sabid\.m2\repository\org\apiguardian\apiguardian-api\1.1.2\apiguardian-api-1.1.2.jar;C:\Users\ahamed.sabid\.m2\repository\io\cucumber\cucumber-core\7.24.0\cucumber-core-7.24.0.jar;C:\Users\ahamed.sabid\.m2\repository\io\cucumber\cucumber-gherkin\7.24.0\cucumber-gherkin-7.24.0.jar;C:\Users\ahamed.sabid\.m2\repository\io\cucumber\cucumber-gherkin-messages\7.24.0\cucumber-gherkin-messages-7.24.0.jar;C:\Users\ahamed.sabid\.m2\repository\io\cucumber\gherkin\33.0.0\gherkin-33.0.0.jar;C:\Users\ahamed.sabid\.m2\repository\io\cucumber\messages\28.0.0\messages-28.0.0.jar;C:\Users\ahamed.sabid\.m2\repository\io\cucumber\pretty-formatter\0.2.0\pretty-formatter-0.2.0.jar;C:\Users\ahamed.sabid\.m2\repository\io\cucumber\query\13.5.0\query-13.5.0.jar;C:\Users\ahamed.sabid\.m2\repository\io\cucumber\testng-xml-formatter\0.4.0\testng-xml-formatter-0.4.0.jar;C:\Users\ahamed.sabid\.m2\repository\io\cucumber\tag-expressions\6.1.2\tag-expressions-6.1.2.jar;C:\Users\ahamed.sabid\.m2\repository\io\cucumber\cucumber-expressions\18.0.1\cucumber-expressions-18.0.1.jar;C:\Users\ahamed.sabid\.m2\repository\io\cucumber\datatable\7.24.0\datatable-7.24.0.jar;C:\Users\ahamed.sabid\.m2\repository\io\cucumber\cucumber-plugin\7.24.0\cucumber-plugin-7.24.0.jar;C:\Users\ahamed.sabid\.m2\repository\io\cucumber\docstring\7.24.0\docstring-7.24.0.jar;C:\Users\ahamed.sabid\.m2\repository\io\cucumber\html-formatter\21.13.0\html-formatter-21.13.0.jar;C:\Users\ahamed.sabid\.m2\repository\io\cucumber\junit-xml-formatter\0.8.0\junit-xml-formatter-0.8.0.jar;C:\Users\ahamed.sabid\.m2\repository\io\cucumber\ci-environment\10.0.1\ci-environment-10.0.1.jar;C:\Users\ahamed.sabid\.m2\repository\org\testng\testng\7.11.0\testng-7.11.0.jar;C:\Users\ahamed.sabid\.m2\repository\org\slf4j\slf4j-api\2.0.16\slf4j-api-2.0.16.jar;C:\Users\ahamed.sabid\.m2\repository\org\jcommander\jcommander\1.83\jcommander-1.83.jar;C:\Users\ahamed.sabid\.m2\repository\org\webjars\jquery\3.7.1\jquery-3.7.1.jar;C:\Users\ahamed.sabid\.m2\repository\io\cucumber\cucumber-junit\7.24.0\cucumber-junit-7.24.0.jar;C:\Users\ahamed.sabid\.m2\repository\junit\junit\4.13.2\junit-4.13.2.jar;C:\Users\ahamed.sabid\.m2\repository\org\hamcrest\hamcrest-core\1.3\hamcrest-core-1.3.jar;C:\Users\ahamed.sabid\.m2\repository\io\cucumber\cucumber-testng\7.24.0\cucumber-testng-7.24.0.jar;"/>
    <property name="sun.cpu.endian" value="little"/>
    <property name="user.home" value="C:\Users\ahamed.sabid"/>
    <property name="user.language" value="en"/>
    <property name="java.specification.vendor" value="Oracle Corporation"/>
    <property name="java.version.date" value="2023-10-17"/>
    <property name="java.home" value="C:\Program Files\Java\jdk-21"/>
    <property name="file.separator" value="\"/>
    <property name="basedir" value="C:\Users\ahamed.sabid\Downloads\REstAssured\MyBDD"/>
    <property name="java.vm.compressedOopsMode" value="Zero based"/>
    <property name="line.separator" value="&#10;"/>
    <property name="java.vm.specification.vendor" value="Oracle Corporation"/>
    <property name="java.specification.name" value="Java Platform API Specification"/>
    <property name="surefire.real.class.path" value="C:\Users\ahamed.sabid\AppData\Local\Temp\surefire664123948986857542\surefirebooter-20250718171413744_3.jar"/>
    <property name="user.script" value=""/>
    <property name="sun.management.compiler" value="HotSpot 64-Bit Tiered Compilers"/>
    <property name="java.runtime.version" value="21.0.1+12-LTS-29"/>
    <property name="user.name" value="ahamed.sabid"/>
    <property name="stdout.encoding" value="Cp1252"/>
    <property name="path.separator" value=";"/>
    <property name="os.version" value="10.0"/>
    <property name="java.runtime.name" value="Java(TM) SE Runtime Environment"/>
    <property name="file.encoding" value="UTF-8"/>
    <property name="java.vm.name" value="Java HotSpot(TM) 64-Bit Server VM"/>
    <property name="localRepository" value="C:\Users\ahamed.sabid\.m2\repository"/>
    <property name="java.vendor.url.bug" value="https://bugreport.java.com/bugreport/"/>
    <property name="java.io.tmpdir" value="C:\Users\AHAMED~1.SAB\AppData\Local\Temp\"/>
    <property name="java.version" value="21.0.1"/>
    <property name="user.dir" value="C:\Users\ahamed.sabid\Downloads\REstAssured\MyBDD"/>
    <property name="os.arch" value="amd64"/>
    <property name="java.vm.specification.name" value="Java Virtual Machine Specification"/>
    <property name="sun.os.patch.level" value=""/>
    <property name="native.encoding" value="Cp1252"/>
    <property name="java.library.path" value="C:\Program Files\Java\jdk-21\bin;C:\WINDOWS\Sun\Java\bin;C:\WINDOWS\system32;C:\WINDOWS;C:\Python310\Scripts\;C:\Python310\;C:\WINDOWS\system32;C:\WINDOWS;C:\WINDOWS\System32\Wbem;C:\WINDOWS\System32\WindowsPowerShell\v1.0\;C:\WINDOWS\System32\OpenSSH\;C:\ProgramData\chocolatey\bin;C:\Program Files\dotnet\;C:\Program Files\Microsoft SQL Server\130\Tools\Binn\;C:\Program Files\Microsoft SQL Server\Client SDK\ODBC\170\Tools\Binn\;C:\Users\ahamed.sabid\AppData\Roaming\npm;C:\Program Files\Java\jdk-21\bin;C:\Program Files (x86)\Kaspersky Lab\Endpoint Agent\;C:\Program Files\Git\cmd;C:\apache-maven-3.9.9\bin;C:\Program Files\nodejs\;C:\Users\ahamed.sabid\AppData\Local\Microsoft\WindowsApps;;C:\Users\ahamed.sabid\AppData\Local\Programs\Microsoft VS Code\bin;C:\Users\ahamed.sabid\AppData\Local\Yarn\bin;C:\Users\ahamed.sabid\AppData\Roaming\npm;."/>
    <property name="java.vm.info" value="mixed mode, sharing"/>
    <property name="stderr.encoding" value="Cp1252"/>
    <property name="java.vendor" value="Oracle Corporation"/>
    <property name="java.vm.version" value="21.0.1+12-LTS-29"/>
    <property name="sun.io.unicode.encoding" value="UnicodeLittle"/>
    <property name="java.class.version" value="65.0"/>
  </properties>
  <testcase name="runScenario[&quot;: Automating Test Practice site&quot;, &quot;Automating Test Practice site&quot;](1)" classname="RunnerClass" time="8.261">
    <system-out><![CDATA[
@smoke
Scenario: : Automating Test Practice site                                                                            # file:///C:/Users/ahamed.sabid/Downloads/REstAssured/MyBDD/src/test/resources/features/AutomationPract.feature:4
  Given I have a url "https://automationpanda.com/2021/12/29/want-to-practice-test-automation-try-these-demo-sites/" # stepDef.MyStepdefs.iHaveAUrl(java.lang.String)
  And wait for 5 seconds                                                                                             # stepDef.MyStepdefs.waitForSeconds(int)
  Then I verify the links are available                                                                              # stepDef.MyStepdefs.iVerifyTheLinksAreAvailable()
  And Close the browser                                                                                              # stepDef.MyStepdefs.closeTheBrowser()
]]></system-out>
    <system-err><![CDATA[SLF4J(W): No SLF4J providers were found.
SLF4J(W): Defaulting to no-operation (NOP) logger implementation
SLF4J(W): See https://www.slf4j.org/codes.html#noProviders for further details.
]]></system-err>
  </testcase>
  <testcase name="runScenario[&quot;This is my first scenario for my BDD&quot;, &quot;This a feature file for my BDD FW dev&quot;](2)" classname="RunnerClass" time="27.48">
    <system-out><![CDATA[
@smoke
Scenario: This is my first scenario for my BDD                         # file:///C:/Users/ahamed.sabid/Downloads/REstAssured/MyBDD/src/test/resources/features/MyFirstFeature.feature:4
  Given I have a url "https://demo.automationtesting.in/Register.html" # stepDef.MyStepdefs.iHaveAUrl(java.lang.String)
  When I fill firstname as "Ahamed" and Lastname as "Sabid"            # stepDef.MyStepdefs.iFillFirstnameAsAndLastnameAs(java.lang.String,java.lang.String)
  Then I fill address as "ABC"                                         # stepDef.MyStepdefs.iFillAddressAs(java.lang.String)
  And wait for 3 seconds                                               # stepDef.MyStepdefs.waitForSeconds(int)
  And Close the browser                                                # stepDef.MyStepdefs.closeTheBrowser()
]]></system-out>
  </testcase>
  <testcase name="runScenario[&quot;This is my second scenario for my BDD&quot;, &quot;This a feature file for my BDD FW dev&quot;](3)" classname="RunnerClass" time="7.269">
    <system-out><![CDATA[
@smoke
Scenario: This is my second scenario for my BDD                        # file:///C:/Users/ahamed.sabid/Downloads/REstAssured/MyBDD/src/test/resources/features/MyFirstFeature.feature:12
  Given I have a url "https://demo.automationtesting.in/Register.html" # stepDef.MyStepdefs.iHaveAUrl(java.lang.String)
  When I fill firstname as "Arun" and Lastname as "Kumar"              # stepDef.MyStepdefs.iFillFirstnameAsAndLastnameAs(java.lang.String,java.lang.String)
  Then I fill address as "TVM"                                         # stepDef.MyStepdefs.iFillAddressAs(java.lang.String)
  And wait for 3 seconds                                               # stepDef.MyStepdefs.waitForSeconds(int)
  And Close the browser                                                # stepDef.MyStepdefs.closeTheBrowser()
]]></system-out>
  </testcase>
</testsuite>