<?xml version="1.0" encoding="UTF-8"?>
<!-- Generated by org.testng.reporters.JUnitReportReporter -->
<testsuite hostname="AHAMEDSABID" failures="0" tests="3" name="RunnerClass" time="43.010" errors="0" timestamp="2025-07-18T17:14:58 IST" skipped="0">
  <testcase classname="RunnerClass" name="runScenario" time="8.259"/>
  <testcase classname="RunnerClass" name="runScenario" time="27.483"/>
  <testcase classname="RunnerClass" name="runScenario" time="7.268"/>
</testsuite> <!-- RunnerClass -->
